app/build/outputs/logs/manifest-merger-release-report.txt
-- Merging decision tree log ---
manifest
ADDED from src/main/AndroidManifest.xml:16:1-189:12
INJECTED from src/main/AndroidManifest.xml:16:1-189:12
INJECTED from src/main/AndroidManifest.xml:16:1-189:12
INJECTED from src/main/AndroidManifest.xml:16:1-189:12
MERGED from [:dfuLibrary] AndroidManifest.xml:2:1-14:12
MERGED from [com.android.support:design:23.1.0] AndroidManifest.xml:17:1-24:12
MERGED from [com.android.support:appcompat-v7:23.1.0] AndroidManifest.xml:17:1-24:12
MERGED from [com.android.support:cardview-v7:23.1.0] AndroidManifest.xml:17:1-24:12
MERGED from [com.android.support:recyclerview-v7:23.1.0] AndroidManifest.xml:17:1-22:12
MERGED from [:android-gif-drawable-1.1.13] AndroidManifest.xml:2:1-11:12
MERGED from [com.google.android.gms:play-services-analytics:9.2.0] AndroidManifest.xml:16:1-28:12
MERGED from [com.google.android.gms:play-services-analytics-impl:9.2.0] AndroidManifest.xml:16:1-28:12
MERGED from [com.google.android.gms:play-services-base:9.2.0] AndroidManifest.xml:16:1-24:12
MERGED from [com.google.android.gms:play-services-tasks:9.2.0] AndroidManifest.xml:2:1-6:12
MERGED from [com.google.android.gms:play-services-basement:9.2.0] AndroidManifest.xml:16:1-26:12
MERGED from [com.android.support:support-v4:23.1.0] AndroidManifest.xml:17:1-24:12
INJECTED from src/main/AndroidManifest.xml:16:1-189:12
INJECTED from src/main/AndroidManifest.xml:16:1-189:12
INJECTED from src/main/AndroidManifest.xml:16:1-189:12
	package
		ADDED from src/main/AndroidManifest.xml:17:11-41
		INJECTED from src/main/AndroidManifest.xml
		INJECTED from src/main/AndroidManifest.xml
	android:versionName
		ADDED from src/main/AndroidManifest.xml:19:11-36
		INJECTED from src/main/AndroidManifest.xml
		INJECTED from src/main/AndroidManifest.xml
	xmlns:android
		ADDED from src/main/AndroidManifest.xml:16:11-69
	android:versionCode
		ADDED from src/main/AndroidManifest.xml:18:11-35
		INJECTED from src/main/AndroidManifest.xml
		INJECTED from src/main/AndroidManifest.xml
uses-permission#android.permission.ACCESS_NETWORK_STATE
ADDED from src/main/AndroidManifest.xml:21:5-79
MERGED from [com.google.android.gms:play-services-analytics:9.2.0] AndroidManifest.xml:22:5-79
MERGED from [com.google.android.gms:play-services-analytics:9.2.0] AndroidManifest.xml:22:5-79
MERGED from [com.google.android.gms:play-services-analytics-impl:9.2.0] AndroidManifest.xml:22:5-79
MERGED from [com.google.android.gms:play-services-analytics-impl:9.2.0] AndroidManifest.xml:22:5-79
	android:name
		ADDED from src/main/AndroidManifest.xml:21:22-76
uses-permission#android.permission.ACCESS_WIFI_STATE
ADDED from src/main/AndroidManifest.xml:22:5-75
	android:name
		ADDED from src/main/AndroidManifest.xml:22:22-73
uses-permission#android.permission.INTERNET
ADDED from src/main/AndroidManifest.xml:23:5-66
MERGED from [com.google.android.gms:play-services-analytics:9.2.0] AndroidManifest.xml:21:5-67
MERGED from [com.google.android.gms:play-services-analytics:9.2.0] AndroidManifest.xml:21:5-67
MERGED from [com.google.android.gms:play-services-analytics-impl:9.2.0] AndroidManifest.xml:21:5-67
MERGED from [com.google.android.gms:play-services-analytics-impl:9.2.0] AndroidManifest.xml:21:5-67
	android:name
		ADDED from src/main/AndroidManifest.xml:23:22-64
uses-permission#android.permission.BLUETOOTH
ADDED from src/main/AndroidManifest.xml:24:5-67
MERGED from [:dfuLibrary] AndroidManifest.xml:11:5-68
MERGED from [:dfuLibrary] AndroidManifest.xml:11:5-68
	android:name
		ADDED from src/main/AndroidManifest.xml:24:22-65
uses-permission#android.permission.READ_EXTERNAL_STORAGE
ADDED from src/main/AndroidManifest.xml:25:5-79
	android:name
		ADDED from src/main/AndroidManifest.xml:25:22-77
uses-permission#android.permission.WRITE_EXTERNAL_STORAGE
ADDED from src/main/AndroidManifest.xml:26:5-80
	android:name
		ADDED from src/main/AndroidManifest.xml:26:22-78
uses-permission#android.permission.BLUETOOTH_ADMIN
ADDED from src/main/AndroidManifest.xml:27:5-73
MERGED from [:dfuLibrary] AndroidManifest.xml:12:5-74
MERGED from [:dfuLibrary] AndroidManifest.xml:12:5-74
	android:name
		ADDED from src/main/AndroidManifest.xml:27:22-71
uses-permission#android.permission.VIBRATE
ADDED from src/main/AndroidManifest.xml:28:5-65
	android:name
		ADDED from src/main/AndroidManifest.xml:28:22-63
uses-permission#android.permission.SYSTEM_ALERT_WINDOW
ADDED from src/main/AndroidManifest.xml:29:5-77
	android:name
		ADDED from src/main/AndroidManifest.xml:29:22-75
uses-permission#android.permission.INTERACT_ACROSS_USERS
ADDED from src/main/AndroidManifest.xml:30:5-116
	android:protectionLevel
		ADDED from src/main/AndroidManifest.xml:30:79-114
	android:name
		ADDED from src/main/AndroidManifest.xml:30:22-77
uses-permission#android.permission.INTERACT_ACROSS_USERS_FULL
ADDED from src/main/AndroidManifest.xml:31:5-121
	android:protectionLevel
		ADDED from src/main/AndroidManifest.xml:31:84-119
	android:name
		ADDED from src/main/AndroidManifest.xml:31:22-82
uses-permission#android.permission.WAKE_LOCK
ADDED from src/main/AndroidManifest.xml:32:5-67
MERGED from [com.google.android.gms:play-services-analytics:9.2.0] AndroidManifest.xml:25:5-67
MERGED from [com.google.android.gms:play-services-analytics:9.2.0] AndroidManifest.xml:25:5-67
MERGED from [com.google.android.gms:play-services-analytics-impl:9.2.0] AndroidManifest.xml:25:5-67
MERGED from [com.google.android.gms:play-services-analytics-impl:9.2.0] AndroidManifest.xml:25:5-67
	android:name
		ADDED from src/main/AndroidManifest.xml:32:22-65
uses-permission#android.permission.READ_PHONE_STATE
ADDED from src/main/AndroidManifest.xml:33:5-74
	android:name
		ADDED from src/main/AndroidManifest.xml:33:22-72
uses-permission#android.permission.CAMERA
ADDED from src/main/AndroidManifest.xml:34:5-64
	android:name
		ADDED from src/main/AndroidManifest.xml:34:22-62
uses-permission#android.permission.ACCESS_COARSE_LOCATION
ADDED from src/main/AndroidManifest.xml:37:5-80
	android:name
		ADDED from src/main/AndroidManifest.xml:37:22-78
uses-feature#android.hardware.bluetooth_le
ADDED from src/main/AndroidManifest.xml:39:5-89
	android:required
		ADDED from src/main/AndroidManifest.xml:39:64-87
	android:name
		ADDED from src/main/AndroidManifest.xml:39:19-63
uses-feature#android.hardware.camera
ADDED from src/main/AndroidManifest.xml:40:5-84
	android:required
		ADDED from src/main/AndroidManifest.xml:40:58-82
	android:name
		ADDED from src/main/AndroidManifest.xml:40:19-57
uses-feature#android.hardware.camera.flash
ADDED from src/main/AndroidManifest.xml:41:5-90
	android:required
		ADDED from src/main/AndroidManifest.xml:41:64-88
	android:name
		ADDED from src/main/AndroidManifest.xml:41:19-63
uses-feature#android.hardware.camera.autofocus
ADDED from src/main/AndroidManifest.xml:42:5-94
	android:required
		ADDED from src/main/AndroidManifest.xml:42:68-92
	android:name
		ADDED from src/main/AndroidManifest.xml:42:19-67
uses-feature#android.hardware.telephony
ADDED from src/main/AndroidManifest.xml:43:5-87
	android:required
		ADDED from src/main/AndroidManifest.xml:43:61-85
	android:name
		ADDED from src/main/AndroidManifest.xml:43:19-60
supports-screens
ADDED from src/main/AndroidManifest.xml:46:5-54
	android:largeScreens
		ADDED from src/main/AndroidManifest.xml:47:23-50
	android:normalScreens
		ADDED from src/main/AndroidManifest.xml:46:23-51
	android:xlargeScreens
		ADDED from src/main/AndroidManifest.xml:48:23-51
application
ADDED from src/main/AndroidManifest.xml:50:5-187:19
MERGED from [com.android.support:design:23.1.0] AndroidManifest.xml:22:5-20
MERGED from [com.android.support:design:23.1.0] AndroidManifest.xml:22:5-20
MERGED from [com.android.support:appcompat-v7:23.1.0] AndroidManifest.xml:22:5-20
MERGED from [com.android.support:appcompat-v7:23.1.0] AndroidManifest.xml:22:5-20
MERGED from [com.android.support:cardview-v7:23.1.0] AndroidManifest.xml:22:5-20
MERGED from [com.android.support:cardview-v7:23.1.0] AndroidManifest.xml:22:5-20
MERGED from [com.google.android.gms:play-services-analytics:9.2.0] AndroidManifest.xml:27:5-20
MERGED from [com.google.android.gms:play-services-analytics:9.2.0] AndroidManifest.xml:27:5-20
MERGED from [com.google.android.gms:play-services-analytics-impl:9.2.0] AndroidManifest.xml:27:5-20
MERGED from [com.google.android.gms:play-services-analytics-impl:9.2.0] AndroidManifest.xml:27:5-20
MERGED from [com.google.android.gms:play-services-base:9.2.0] AndroidManifest.xml:19:5-23:19
MERGED from [com.google.android.gms:play-services-base:9.2.0] AndroidManifest.xml:19:5-23:19
MERGED from [com.google.android.gms:play-services-tasks:9.2.0] AndroidManifest.xml:5:5-20
MERGED from [com.google.android.gms:play-services-tasks:9.2.0] AndroidManifest.xml:5:5-20
MERGED from [com.google.android.gms:play-services-basement:9.2.0] AndroidManifest.xml:20:5-24:19
MERGED from [com.google.android.gms:play-services-basement:9.2.0] AndroidManifest.xml:20:5-24:19
MERGED from [com.android.support:support-v4:23.1.0] AndroidManifest.xml:22:5-20
MERGED from [com.android.support:support-v4:23.1.0] AndroidManifest.xml:22:5-20
	android:label
		ADDED from src/main/AndroidManifest.xml:54:9-41
	android:hardwareAccelerated
		ADDED from src/main/AndroidManifest.xml:52:9-43
	android:icon
		ADDED from src/main/AndroidManifest.xml:53:9-43
	android:theme
		ADDED from src/main/AndroidManifest.xml:55:9-52
	android:name
		ADDED from src/main/AndroidManifest.xml:51:9-30
activity#com.samsung.microbit.ui.activity.HomeActivity
ADDED from src/main/AndroidManifest.xml:56:9-60:45
	android:label
		ADDED from src/main/AndroidManifest.xml:59:13-55
	android:launchMode
		ADDED from src/main/AndroidManifest.xml:60:13-43
	android:configChanges
		ADDED from src/main/AndroidManifest.xml:58:13-74
	android:name
		ADDED from src/main/AndroidManifest.xml:57:13-53
activity#com.samsung.microbit.ui.activity.ProjectActivity
ADDED from src/main/AndroidManifest.xml:63:9-107:20
	android:label
		ADDED from src/main/AndroidManifest.xml:65:13-59
	android:launchMode
		ADDED from src/main/AndroidManifest.xml:68:13-44
	android:windowSoftInputMode
		ADDED from src/main/AndroidManifest.xml:67:13-55
	android:configChanges
		ADDED from src/main/AndroidManifest.xml:66:13-74
	android:name
		ADDED from src/main/AndroidManifest.xml:64:13-56
intent-filter#action:name:android.intent.action.VIEW+category:name:android.intent.category.BROWSABLE+category:name:android.intent.category.DEFAULT+data:host:*+data:mimeType:*/*+data:pathPattern:.*\\.hex+data:scheme:file
ADDED from src/main/AndroidManifest.xml:73:13-83:29
action#android.intent.action.VIEW
ADDED from src/main/AndroidManifest.xml:74:17-68
	android:name
		ADDED from src/main/AndroidManifest.xml:74:25-66
category#android.intent.category.DEFAULT
ADDED from src/main/AndroidManifest.xml:76:17-75
	android:name
		ADDED from src/main/AndroidManifest.xml:76:27-73
category#android.intent.category.BROWSABLE
ADDED from src/main/AndroidManifest.xml:77:17-77
	android:name
		ADDED from src/main/AndroidManifest.xml:77:27-75
data
ADDED from src/main/AndroidManifest.xml:79:17-82:46
	android:host
		ADDED from src/main/AndroidManifest.xml:79:23-39
	android:scheme
		ADDED from src/main/AndroidManifest.xml:82:23-44
	android:pathPattern
		ADDED from src/main/AndroidManifest.xml:81:23-53
	android:mimeType
		ADDED from src/main/AndroidManifest.xml:80:23-45
intent-filter#action:name:android.intent.action.VIEW+category:name:android.intent.category.BROWSABLE+category:name:android.intent.category.DEFAULT+data:mimeType:application/x-microbit-hex+data:scheme:content
ADDED from src/main/AndroidManifest.xml:86:13-94:29
intent-filter#action:name:android.intent.action.VIEW+category:name:android.intent.category.BROWSABLE+category:name:android.intent.category.DEFAULT+data:mimeType:application/octet-stream+data:scheme:content
ADDED from src/main/AndroidManifest.xml:97:13-105:29
activity#com.samsung.microbit.ui.activity.NotificationActivity
ADDED from src/main/AndroidManifest.xml:108:9-111:51
	android:screenOrientation
		ADDED from src/main/AndroidManifest.xml:111:13-49
	android:label
		ADDED from src/main/AndroidManifest.xml:110:13-51
	android:name
		ADDED from src/main/AndroidManifest.xml:109:13-61
activity#com.samsung.microbit.ui.activity.PairingActivity
ADDED from src/main/AndroidManifest.xml:112:9-117:66
	android:label
		ADDED from src/main/AndroidManifest.xml:115:13-59
	android:launchMode
		ADDED from src/main/AndroidManifest.xml:116:13-43
	android:windowSoftInputMode
		ADDED from src/main/AndroidManifest.xml:117:13-64
	android:configChanges
		ADDED from src/main/AndroidManifest.xml:114:13-74
	android:name
		ADDED from src/main/AndroidManifest.xml:113:13-56
activity#com.samsung.microbit.ui.activity.PopUpActivity
ADDED from src/main/AndroidManifest.xml:118:9-123:54
	android:launchMode
		ADDED from src/main/AndroidManifest.xml:121:13-44
	android:windowSoftInputMode
		ADDED from src/main/AndroidManifest.xml:123:13-52
	android:configChanges
		ADDED from src/main/AndroidManifest.xml:120:13-74
	android:theme
		ADDED from src/main/AndroidManifest.xml:122:13-46
	android:name
		ADDED from src/main/AndroidManifest.xml:119:13-54
activity#com.samsung.microbit.ui.activity.AudioRecorderActivity
ADDED from src/main/AndroidManifest.xml:124:9-129:51
	android:screenOrientation
		ADDED from src/main/AndroidManifest.xml:129:13-49
	android:label
		ADDED from src/main/AndroidManifest.xml:127:13-43
	android:launchMode
		ADDED from src/main/AndroidManifest.xml:128:13-44
	android:configChanges
		ADDED from src/main/AndroidManifest.xml:126:13-59
	android:name
		ADDED from src/main/AndroidManifest.xml:125:13-62
activity#com.samsung.microbit.ui.activity.CameraActivity_OldAPI
ADDED from src/main/AndroidManifest.xml:130:9-135:79
	android:screenOrientation
		ADDED from src/main/AndroidManifest.xml:134:13-49
	android:label
		ADDED from src/main/AndroidManifest.xml:132:13-44
	android:launchMode
		ADDED from src/main/AndroidManifest.xml:133:13-44
	android:theme
		ADDED from src/main/AndroidManifest.xml:135:13-77
	android:name
		ADDED from src/main/AndroidManifest.xml:131:13-62
activity#com.samsung.microbit.ui.activity.HelpWebView
ADDED from src/main/AndroidManifest.xml:136:9-143:20
	android:screenOrientation
		ADDED from src/main/AndroidManifest.xml:141:13-49
	android:label
		ADDED from src/main/AndroidManifest.xml:139:13-41
	android:launchMode
		ADDED from src/main/AndroidManifest.xml:140:13-44
	android:configChanges
		ADDED from src/main/AndroidManifest.xml:138:13-59
	android:name
		ADDED from src/main/AndroidManifest.xml:137:13-52
activity#com.samsung.microbit.ui.activity.CameraActivityPermissionChecker
ADDED from src/main/AndroidManifest.xml:144:9-148:58
	android:screenOrientation
		ADDED from src/main/AndroidManifest.xml:147:13-49
	android:label
		ADDED from src/main/AndroidManifest.xml:146:13-86
	android:theme
		ADDED from src/main/AndroidManifest.xml:148:13-56
	android:name
		ADDED from src/main/AndroidManifest.xml:145:13-72
service#com.samsung.microbit.service.DfuService
ADDED from src/main/AndroidManifest.xml:150:9-152:37
	android:enabled
		ADDED from src/main/AndroidManifest.xml:152:13-35
	android:name
		ADDED from src/main/AndroidManifest.xml:151:13-47
service#com.samsung.microbit.service.PluginService
ADDED from src/main/AndroidManifest.xml:154:9-158:47
	android:process
		ADDED from src/main/AndroidManifest.xml:158:13-45
	android:enabled
		ADDED from src/main/AndroidManifest.xml:156:13-35
	android:exported
		ADDED from src/main/AndroidManifest.xml:157:13-37
	android:name
		ADDED from src/main/AndroidManifest.xml:155:13-50
service#com.samsung.microbit.service.BLEService
ADDED from src/main/AndroidManifest.xml:159:9-163:44
	android:process
		ADDED from src/main/AndroidManifest.xml:163:13-42
	android:enabled
		ADDED from src/main/AndroidManifest.xml:161:13-35
	android:exported
		ADDED from src/main/AndroidManifest.xml:162:13-37
	android:name
		ADDED from src/main/AndroidManifest.xml:160:13-47
service#com.samsung.microbit.service.IPCService
ADDED from src/main/AndroidManifest.xml:165:9-168:39
	android:enabled
		ADDED from src/main/AndroidManifest.xml:167:13-35
	android:exported
		ADDED from src/main/AndroidManifest.xml:168:13-37
	android:name
		ADDED from src/main/AndroidManifest.xml:166:13-47
activity#com.samsung.microbit.ui.activity.SplashScreenActivity
ADDED from src/main/AndroidManifest.xml:170:9-179:20
	android:screenOrientation
		ADDED from src/main/AndroidManifest.xml:172:13-47
	android:theme
		ADDED from src/main/AndroidManifest.xml:173:13-71
	android:name
		ADDED from src/main/AndroidManifest.xml:171:13-61
intent-filter#action:name:android.intent.action.MAIN+category:name:android.intent.category.LAUNCHER
ADDED from src/main/AndroidManifest.xml:174:13-178:29
action#android.intent.action.MAIN
ADDED from src/main/AndroidManifest.xml:175:17-68
	android:name
		ADDED from src/main/AndroidManifest.xml:175:25-66
category#android.intent.category.LAUNCHER
ADDED from src/main/AndroidManifest.xml:177:17-76
	android:name
		ADDED from src/main/AndroidManifest.xml:177:27-74
receiver#com.samsung.microbit.core.PopUpServiceReceiver
ADDED from src/main/AndroidManifest.xml:181:9-186:20
	android:exported
		ADDED from src/main/AndroidManifest.xml:182:19-43
	android:name
		ADDED from src/main/AndroidManifest.xml:181:19-60
intent-filter#action:name:com.samsung.microbit.core.SHOWFROMSERVICE
ADDED from src/main/AndroidManifest.xml:183:13-185:29
action#com.samsung.microbit.core.SHOWFROMSERVICE
ADDED from src/main/AndroidManifest.xml:184:17-83
	android:name
		ADDED from src/main/AndroidManifest.xml:184:25-81
uses-sdk
INJECTED from src/main/AndroidManifest.xml reason: use-sdk injection requested
INJECTED from src/main/AndroidManifest.xml
INJECTED from src/main/AndroidManifest.xml
MERGED from [:dfuLibrary] AndroidManifest.xml:7:5-9:41
MERGED from [:dfuLibrary] AndroidManifest.xml:7:5-9:41
MERGED from [com.android.support:design:23.1.0] AndroidManifest.xml:20:5-43
MERGED from [com.android.support:design:23.1.0] AndroidManifest.xml:20:5-43
MERGED from [com.android.support:appcompat-v7:23.1.0] AndroidManifest.xml:20:5-43
MERGED from [com.android.support:appcompat-v7:23.1.0] AndroidManifest.xml:20:5-43
MERGED from [com.android.support:cardview-v7:23.1.0] AndroidManifest.xml:20:5-43
MERGED from [com.android.support:cardview-v7:23.1.0] AndroidManifest.xml:20:5-43
MERGED from [com.android.support:recyclerview-v7:23.1.0] AndroidManifest.xml:20:5-43
MERGED from [com.android.support:recyclerview-v7:23.1.0] AndroidManifest.xml:20:5-43
MERGED from [:android-gif-drawable-1.1.13] AndroidManifest.xml:7:5-9:41
MERGED from [:android-gif-drawable-1.1.13] AndroidManifest.xml:7:5-9:41
MERGED from [com.google.android.gms:play-services-analytics:9.2.0] AndroidManifest.xml:18:5-42
MERGED from [com.google.android.gms:play-services-analytics:9.2.0] AndroidManifest.xml:18:5-42
MERGED from [com.google.android.gms:play-services-analytics-impl:9.2.0] AndroidManifest.xml:18:5-42
MERGED from [com.google.android.gms:play-services-analytics-impl:9.2.0] AndroidManifest.xml:18:5-42
MERGED from [com.google.android.gms:play-services-base:9.2.0] AndroidManifest.xml:18:5-42
MERGED from [com.google.android.gms:play-services-base:9.2.0] AndroidManifest.xml:18:5-42
MERGED from [com.google.android.gms:play-services-tasks:9.2.0] AndroidManifest.xml:4:5-43
MERGED from [com.google.android.gms:play-services-tasks:9.2.0] AndroidManifest.xml:4:5-43
MERGED from [com.google.android.gms:play-services-basement:9.2.0] AndroidManifest.xml:18:5-42
MERGED from [com.google.android.gms:play-services-basement:9.2.0] AndroidManifest.xml:18:5-42
MERGED from [com.android.support:support-v4:23.1.0] AndroidManifest.xml:20:5-43
MERGED from [com.android.support:support-v4:23.1.0] AndroidManifest.xml:20:5-43
INJECTED from src/main/AndroidManifest.xml
INJECTED from src/main/AndroidManifest.xml
	android:targetSdkVersion
		INJECTED from src/main/AndroidManifest.xml
		ADDED from src/main/AndroidManifest.xml
		INJECTED from src/main/AndroidManifest.xml
	android:minSdkVersion
		INJECTED from src/main/AndroidManifest.xml
		ADDED from src/main/AndroidManifest.xml
		INJECTED from src/main/AndroidManifest.xml
activity#com.google.android.gms.common.api.GoogleApiActivity
ADDED from [com.google.android.gms:play-services-base:9.2.0] AndroidManifest.xml:20:9-22:45
	android:exported
		ADDED from [com.google.android.gms:play-services-base:9.2.0] AndroidManifest.xml:22:19-43
	android:theme
		ADDED from [com.google.android.gms:play-services-base:9.2.0] AndroidManifest.xml:21:19-78
	android:name
		ADDED from [com.google.android.gms:play-services-base:9.2.0] AndroidManifest.xml:20:19-85
meta-data#com.google.android.gms.version
ADDED from [com.google.android.gms:play-services-basement:9.2.0] AndroidManifest.xml:21:9-23:69
	android:value
		ADDED from [com.google.android.gms:play-services-basement:9.2.0] AndroidManifest.xml:23:13-66
	android:name
		ADDED from [com.google.android.gms:play-services-basement:9.2.0] AndroidManifest.xml:22:13-58